<?xml version="1.0" encoding="UTF-8"?>
<!-- Generated by org.testng.reporters.JUnitXMLReporter -->
<testsuite hostname="WS-11062" ignored="0" name="Validate the Flight prices" tests="2" failures="0" timestamp="03 Mar 2021 15:41:06 GMT" time="0.01" errors="0">
  <testcase name="parentTest" time="0.001" classname="com.assign.qa.testcases.CheckPricesTest"/>
  <testcase name="validateFlightPriceTest" time="0.0" classname="com.assign.qa.testcases.CheckPricesTest">
    <skipped/>
  </testcase> <!-- validateFlightPriceTest -->
</testsuite> <!-- Validate the Flight prices -->
